2010-09-23 14:50:36 Debug: Notice (1024): Please change the value of 'Security.salt' in app/config/core.php to a salt value specific to your application in [C:\Arquivos de programas\VertrigoServ\www\MaisRevistaHomem\cake\libs\debugger.php, line 684]
2010-09-23 14:50:36 Debug: Notice (1024): Please change the value of 'Security.cipherSeed' in app/config/core.php to a numeric (digits only) seed value specific to your application in [C:\Arquivos de programas\VertrigoServ\www\MaisRevistaHomem\cake\libs\debugger.php, line 688]
2010-09-23 14:50:36 Debug: Notice (8): Undefined variable: javascript in [C:\Arquivos de programas\VertrigoServ\www\MaisRevistaHomem\app\views\layouts\default.ctp, line 4]
2010-09-23 14:50:37 Debug: Notice (8): Undefined variable: javascript in [C:\Arquivos de programas\VertrigoServ\www\MaisRevistaHomem\app\views\layouts\default.ctp, line 4]
2010-09-23 14:50:37 Debug: Notice (8): Undefined variable: javascript in [C:\Arquivos de programas\VertrigoServ\www\MaisRevistaHomem\app\views\layouts\default.ctp, line 4]
2010-09-23 14:50:51 Debug: Notice (1024): Please change the value of 'Security.salt' in app/config/core.php to a salt value specific to your application in [C:\Arquivos de programas\VertrigoServ\www\MaisRevistaHomem\cake\libs\debugger.php, line 684]
2010-09-23 14:50:51 Debug: Notice (1024): Please change the value of 'Security.cipherSeed' in app/config/core.php to a numeric (digits only) seed value specific to your application in [C:\Arquivos de programas\VertrigoServ\www\MaisRevistaHomem\cake\libs\debugger.php, line 688]
2010-09-23 14:50:51 Debug: Notice (8): Undefined variable: javascript in [C:\Arquivos de programas\VertrigoServ\www\MaisRevistaHomem\app\views\layouts\default.ctp, line 4]
2010-09-23 14:50:52 Debug: Notice (8): Undefined variable: javascript in [C:\Arquivos de programas\VertrigoServ\www\MaisRevistaHomem\app\views\layouts\default.ctp, line 4]
2010-09-23 14:50:52 Debug: Notice (8): Undefined variable: javascript in [C:\Arquivos de programas\VertrigoServ\www\MaisRevistaHomem\app\views\layouts\default.ctp, line 4]
2010-09-23 14:50:54 Debug: Notice (1024): Please change the value of 'Security.salt' in app/config/core.php to a salt value specific to your application in [C:\Arquivos de programas\VertrigoServ\www\MaisRevistaHomem\cake\libs\debugger.php, line 684]
2010-09-23 14:50:54 Debug: Notice (1024): Please change the value of 'Security.cipherSeed' in app/config/core.php to a numeric (digits only) seed value specific to your application in [C:\Arquivos de programas\VertrigoServ\www\MaisRevistaHomem\cake\libs\debugger.php, line 688]
2010-09-23 14:50:54 Debug: Notice (8): Undefined variable: javascript in [C:\Arquivos de programas\VertrigoServ\www\MaisRevistaHomem\app\views\layouts\default.ctp, line 4]
2010-09-23 14:50:54 Debug: Notice (8): Undefined variable: javascript in [C:\Arquivos de programas\VertrigoServ\www\MaisRevistaHomem\app\views\layouts\default.ctp, line 4]
2010-09-23 14:50:55 Debug: Notice (8): Undefined variable: javascript in [C:\Arquivos de programas\VertrigoServ\www\MaisRevistaHomem\app\views\layouts\default.ctp, line 4]
2010-09-23 14:53:26 Debug: Notice (1024): Please change the value of 'Security.salt' in app/config/core.php to a salt value specific to your application in [C:\Arquivos de programas\VertrigoServ\www\MaisRevistaHomem\cake\libs\debugger.php, line 684]
2010-09-23 14:53:26 Debug: Notice (1024): Please change the value of 'Security.cipherSeed' in app/config/core.php to a numeric (digits only) seed value specific to your application in [C:\Arquivos de programas\VertrigoServ\www\MaisRevistaHomem\cake\libs\debugger.php, line 688]
2010-09-23 14:55:18 Debug: Notice (1024): Please change the value of 'Security.salt' in app/config/core.php to a salt value specific to your application in [C:\Arquivos de programas\VertrigoServ\www\MaisRevistaHomem\cake\libs\debugger.php, line 684]
2010-09-23 14:55:18 Debug: Notice (1024): Please change the value of 'Security.cipherSeed' in app/config/core.php to a numeric (digits only) seed value specific to your application in [C:\Arquivos de programas\VertrigoServ\www\MaisRevistaHomem\cake\libs\debugger.php, line 688]
2010-09-23 14:56:32 Debug: Notice (1024): Please change the value of 'Security.salt' in app/config/core.php to a salt value specific to your application in [C:\Arquivos de programas\VertrigoServ\www\MaisRevistaHomem\cake\libs\debugger.php, line 684]
2010-09-23 14:56:32 Debug: Notice (1024): Please change the value of 'Security.cipherSeed' in app/config/core.php to a numeric (digits only) seed value specific to your application in [C:\Arquivos de programas\VertrigoServ\www\MaisRevistaHomem\cake\libs\debugger.php, line 688]
2010-09-23 14:59:18 Debug: Notice (1024): Please change the value of 'Security.salt' in app/config/core.php to a salt value specific to your application in [C:\Arquivos de programas\VertrigoServ\www\MaisRevistaHomem\cake\libs\debugger.php, line 684]
2010-09-23 14:59:18 Debug: Notice (1024): Please change the value of 'Security.cipherSeed' in app/config/core.php to a numeric (digits only) seed value specific to your application in [C:\Arquivos de programas\VertrigoServ\www\MaisRevistaHomem\cake\libs\debugger.php, line 688]
2010-09-23 15:01:56 Debug: Notice (1024): Please change the value of 'Security.salt' in app/config/core.php to a salt value specific to your application in [C:\Arquivos de programas\VertrigoServ\www\MaisRevistaHomem\cake\libs\debugger.php, line 684]
2010-09-23 15:01:56 Debug: Notice (1024): Please change the value of 'Security.cipherSeed' in app/config/core.php to a numeric (digits only) seed value specific to your application in [C:\Arquivos de programas\VertrigoServ\www\MaisRevistaHomem\cake\libs\debugger.php, line 688]
2010-09-23 15:02:11 Debug: Notice (1024): Please change the value of 'Security.salt' in app/config/core.php to a salt value specific to your application in [C:\Arquivos de programas\VertrigoServ\www\MaisRevistaHomem\cake\libs\debugger.php, line 684]
2010-09-23 15:02:11 Debug: Notice (1024): Please change the value of 'Security.cipherSeed' in app/config/core.php to a numeric (digits only) seed value specific to your application in [C:\Arquivos de programas\VertrigoServ\www\MaisRevistaHomem\cake\libs\debugger.php, line 688]
2010-09-23 15:03:16 Debug: Notice (1024): Please change the value of 'Security.salt' in app/config/core.php to a salt value specific to your application in [C:\Arquivos de programas\VertrigoServ\www\MaisRevistaHomem\cake\libs\debugger.php, line 684]
2010-09-23 15:03:16 Debug: Notice (1024): Please change the value of 'Security.cipherSeed' in app/config/core.php to a numeric (digits only) seed value specific to your application in [C:\Arquivos de programas\VertrigoServ\www\MaisRevistaHomem\cake\libs\debugger.php, line 688]
2010-09-23 15:04:01 Debug: Notice (1024): Please change the value of 'Security.salt' in app/config/core.php to a salt value specific to your application in [C:\Arquivos de programas\VertrigoServ\www\MaisRevistaHomem\cake\libs\debugger.php, line 684]
2010-09-23 15:04:01 Debug: Notice (1024): Please change the value of 'Security.cipherSeed' in app/config/core.php to a numeric (digits only) seed value specific to your application in [C:\Arquivos de programas\VertrigoServ\www\MaisRevistaHomem\cake\libs\debugger.php, line 688]
2010-09-23 15:12:47 Debug: Notice (1024): Please change the value of 'Security.salt' in app/config/core.php to a salt value specific to your application in [C:\Arquivos de programas\VertrigoServ\www\MaisRevistaHomem\cake\libs\debugger.php, line 684]
2010-09-23 15:12:47 Debug: Notice (1024): Please change the value of 'Security.cipherSeed' in app/config/core.php to a numeric (digits only) seed value specific to your application in [C:\Arquivos de programas\VertrigoServ\www\MaisRevistaHomem\cake\libs\debugger.php, line 688]
2010-09-23 15:13:19 Debug: Notice (1024): Please change the value of 'Security.salt' in app/config/core.php to a salt value specific to your application in [C:\Arquivos de programas\VertrigoServ\www\MaisRevistaHomem\cake\libs\debugger.php, line 684]
2010-09-23 15:13:19 Debug: Notice (1024): Please change the value of 'Security.cipherSeed' in app/config/core.php to a numeric (digits only) seed value specific to your application in [C:\Arquivos de programas\VertrigoServ\www\MaisRevistaHomem\cake\libs\debugger.php, line 688]
2010-09-23 15:14:25 Debug: Notice (1024): Please change the value of 'Security.salt' in app/config/core.php to a salt value specific to your application in [C:\Arquivos de programas\VertrigoServ\www\MaisRevistaHomem\cake\libs\debugger.php, line 684]
2010-09-23 15:14:25 Debug: Notice (1024): Please change the value of 'Security.cipherSeed' in app/config/core.php to a numeric (digits only) seed value specific to your application in [C:\Arquivos de programas\VertrigoServ\www\MaisRevistaHomem\cake\libs\debugger.php, line 688]
2010-09-23 15:14:51 Debug: Notice (1024): Please change the value of 'Security.salt' in app/config/core.php to a salt value specific to your application in [C:\Arquivos de programas\VertrigoServ\www\MaisRevistaHomem\cake\libs\debugger.php, line 684]
2010-09-23 15:14:51 Debug: Notice (1024): Please change the value of 'Security.cipherSeed' in app/config/core.php to a numeric (digits only) seed value specific to your application in [C:\Arquivos de programas\VertrigoServ\www\MaisRevistaHomem\cake\libs\debugger.php, line 688]
2010-09-23 15:15:19 Debug: Notice (1024): Please change the value of 'Security.salt' in app/config/core.php to a salt value specific to your application in [C:\Arquivos de programas\VertrigoServ\www\MaisRevistaHomem\cake\libs\debugger.php, line 684]
2010-09-23 15:15:19 Debug: Notice (1024): Please change the value of 'Security.cipherSeed' in app/config/core.php to a numeric (digits only) seed value specific to your application in [C:\Arquivos de programas\VertrigoServ\www\MaisRevistaHomem\cake\libs\debugger.php, line 688]
2010-09-23 15:15:51 Debug: Notice (1024): Please change the value of 'Security.salt' in app/config/core.php to a salt value specific to your application in [C:\Arquivos de programas\VertrigoServ\www\MaisRevistaHomem\cake\libs\debugger.php, line 684]
2010-09-23 15:15:51 Debug: Notice (1024): Please change the value of 'Security.cipherSeed' in app/config/core.php to a numeric (digits only) seed value specific to your application in [C:\Arquivos de programas\VertrigoServ\www\MaisRevistaHomem\cake\libs\debugger.php, line 688]
2010-09-23 15:15:58 Debug: Notice (1024): Please change the value of 'Security.salt' in app/config/core.php to a salt value specific to your application in [C:\Arquivos de programas\VertrigoServ\www\MaisRevistaHomem\cake\libs\debugger.php, line 684]
2010-09-23 15:15:58 Debug: Notice (1024): Please change the value of 'Security.cipherSeed' in app/config/core.php to a numeric (digits only) seed value specific to your application in [C:\Arquivos de programas\VertrigoServ\www\MaisRevistaHomem\cake\libs\debugger.php, line 688]
2010-09-23 15:20:07 Debug: Notice (1024): Please change the value of 'Security.salt' in app/config/core.php to a salt value specific to your application in [C:\Arquivos de programas\VertrigoServ\www\MaisRevistaHomem\cake\libs\debugger.php, line 684]
2010-09-23 15:20:07 Debug: Notice (1024): Please change the value of 'Security.cipherSeed' in app/config/core.php to a numeric (digits only) seed value specific to your application in [C:\Arquivos de programas\VertrigoServ\www\MaisRevistaHomem\cake\libs\debugger.php, line 688]
2010-09-23 15:20:10 Debug: Notice (1024): Please change the value of 'Security.salt' in app/config/core.php to a salt value specific to your application in [C:\Arquivos de programas\VertrigoServ\www\MaisRevistaHomem\cake\libs\debugger.php, line 684]
2010-09-23 15:20:10 Debug: Notice (1024): Please change the value of 'Security.cipherSeed' in app/config/core.php to a numeric (digits only) seed value specific to your application in [C:\Arquivos de programas\VertrigoServ\www\MaisRevistaHomem\cake\libs\debugger.php, line 688]
2010-09-23 17:27:29 Debug: Notice (8): Undefined variable: form in [C:\Arquivos de programas\VertrigoServ\www\MaisRevistaHomem\app\views\elements\topoProcura.ctp, line 1]
2010-09-24 16:27:54 Debug: Notice (1024): Please change the value of 'Security.salt' in app/config/core.php to a salt value specific to your application in [C:\Arquivos de programas\VertrigoServ\www\MaisRevistaHomem\cake\libs\debugger.php, line 684]
2010-09-24 16:27:54 Debug: Notice (1024): Please change the value of 'Security.cipherSeed' in app/config/core.php to a numeric (digits only) seed value specific to your application in [C:\Arquivos de programas\VertrigoServ\www\MaisRevistaHomem\cake\libs\debugger.php, line 688]
2010-10-05 12:55:51 Debug: Notice (8): Undefined variable: leitor in [C:\Arquivos de programas\VertrigoServ\www\MaisRevistaHomem\app\views\artigos\ver.ctp, line 23]
2010-10-05 12:55:51 Debug: Notice (8): Undefined variable: leitor in [C:\Arquivos de programas\VertrigoServ\www\MaisRevistaHomem\app\views\artigos\ver.ctp, line 24]
2010-10-05 13:02:34 Debug: Notice (8): Undefined index:  subtitulo in [C:\Arquivos de programas\VertrigoServ\www\MaisRevistaHomem\app\views\artigos\ver.ctp, line 25]
2010-10-05 15:19:28 Debug: Notice (8): Undefined index:  foto in [C:\Arquivos de programas\VertrigoServ\www\MaisRevistaHomem\app\views\pages\leitor.ctp, line 28]
2010-10-05 17:55:43 Debug: Notice (8): Undefined index:  controller in [C:\Arquivos de programas\VertrigoServ\www\MaisRevistaHomem\cake\dispatcher.php, line 121]
2010-10-06 10:54:56 Debug: Notice (8): Array to string conversion in [C:\Arquivos de programas\VertrigoServ\www\MaisRevistaHomem\cake\libs\file.php, line 100]
2010-10-06 10:54:56 Debug: Notice (8): Array to string conversion in [C:\Arquivos de programas\VertrigoServ\www\MaisRevistaHomem\cake\libs\file.php, line 101]
2010-10-06 12:07:20 Debug: Notice (8): Undefined index:  login_usuario in [C:\Arquivos de programas\VertrigoServ\www\MaisRevistaHomem\app\controllers\usuarios_controller.php, line 10]
2010-10-06 12:14:14 Debug: Notice (8): Undefined index:  login_usuario in [C:\Arquivos de programas\VertrigoServ\www\MaisRevistaHomem\app\controllers\usuarios_controller.php, line 10]
2010-10-06 12:14:17 Debug: Notice (8): Undefined index:  login_usuario in [C:\Arquivos de programas\VertrigoServ\www\MaisRevistaHomem\app\controllers\usuarios_controller.php, line 10]
2010-10-25 17:58:35 Debug: Notice (8): Undefined variable: artigos in [C:\Arquivos de programas\VertrigoServ\www\MaisRevistaHomem\app\views\editorias\ver.ctp, line 6]
2010-10-26 13:06:57 Debug: Notice (8): Undefined index:  Artigos in [C:\Arquivos de programas\VertrigoServ\www\MaisRevistaHomem\app\views\pages\home.ctp, line 78]
2010-10-26 13:08:50 Debug: Notice (8): Undefined index:  Artigos in [C:\Arquivos de programas\VertrigoServ\www\MaisRevistaHomem\app\views\pages\home.ctp, line 78]
2010-10-26 13:12:58 Debug: Notice (8): Undefined index:  subtitulo in [C:\Arquivos de programas\VertrigoServ\www\MaisRevistaHomem\app\views\pages\home.ctp, line 82]
2010-10-26 13:40:08 Debug: Notice (8): Undefined index:  Artigos in [C:\Arquivos de programas\VertrigoServ\www\MaisRevistaHomem\app\views\pages\home.ctp, line 83]
2010-10-26 13:55:41 Debug: Notice (8): Undefined index:  clique in [C:\Arquivos de programas\VertrigoServ\www\MaisRevistaHomem\app\controllers\artigos_controller.php, line 29]
2010-10-26 15:48:58 Debug: Notice (8): Undefined property: View::$Text in [C:\Arquivos de programas\VertrigoServ\www\MaisRevistaHomem\app\views\pages\home.ctp, line 54]
2010-10-27 15:04:24 Debug: Notice (8): Undefined index:  primeiroNome_usuario in [C:\Arquivos de programas\VertrigoServ\www\MaisRevistaHomem\app\controllers\usuarios_controller.php, line 110]
2010-10-27 15:04:24 Debug: Notice (8): Undefined index:  sobreNome_usuario in [C:\Arquivos de programas\VertrigoServ\www\MaisRevistaHomem\app\controllers\usuarios_controller.php, line 111]
2010-10-27 16:25:34 Debug: Notice (8): Undefined variable: comentarioas in [C:\Arquivos de programas\VertrigoServ\www\MaisRevistaHomem\app\views\artigos\ver.ctp, line 49]
2010-10-27 16:26:10 Debug: Notice (8): Undefined index:  enviado in [C:\Arquivos de programas\VertrigoServ\www\MaisRevistaHomem\app\views\artigos\ver.ctp, line 54]
2010-12-15 15:17:45 Debug: Notice (8): Undefined index:  Enquete in [C:\Arquivos de programas\VertrigoServ\www\MaisRevistaHomem\app\controllers\usuarios_controller.php, line 130]
2010-12-15 15:17:45 Debug: Notice (8): Undefined index:  ruim in [C:\Arquivos de programas\VertrigoServ\www\MaisRevistaHomem\app\controllers\usuarios_controller.php, line 130]
2011-02-03 09:01:26 Debug: Notice (8): Undefined index:  HTTP_X_FORWARDED_FOR in [C:\Arquivos de programas\VertrigoServ\www\MaisRevistaHomem\app\controllers\artigos_controller.php, line 41]
2011-02-07 11:17:31 Debug: Notice (8): Undefined index:  HTTP_X_FORWARDED_FOR in [C:\Arquivos de programas\VertrigoServ\www\MaisRevistaHomem\app\controllers\artigos_controller.php, line 41]
2011-02-07 11:17:54 Debug: Notice (8): Undefined index:  HTTP_X_FORWARDED_FOR in [C:\Arquivos de programas\VertrigoServ\www\MaisRevistaHomem\app\controllers\artigos_controller.php, line 41]
2011-02-07 11:20:20 Debug: Notice (8): Undefined index:  HTTP_X_FORWARDED_FOR in [C:\Arquivos de programas\VertrigoServ\www\MaisRevistaHomem\app\controllers\artigos_controller.php, line 41]
2011-02-07 11:20:33 Debug: Notice (8): Undefined index:  HTTP_X_FORWARDED_FOR in [C:\Arquivos de programas\VertrigoServ\www\MaisRevistaHomem\app\controllers\artigos_controller.php, line 41]
2011-02-07 11:20:41 Debug: Notice (8): Undefined index:  HTTP_X_FORWARDED_FOR in [C:\Arquivos de programas\VertrigoServ\www\MaisRevistaHomem\app\controllers\artigos_controller.php, line 41]
2011-02-07 11:23:57 Debug: Notice (8): Undefined index:  HTTP_X_FORWARDED_FOR in [C:\Arquivos de programas\VertrigoServ\www\MaisRevistaHomem\app\controllers\artigos_controller.php, line 41]
2011-02-07 11:24:19 Debug: Notice (8): Undefined index:  HTTP_X_FORWARDED_FOR in [C:\Arquivos de programas\VertrigoServ\www\MaisRevistaHomem\app\controllers\artigos_controller.php, line 41]
2011-02-07 11:42:18 Debug: Notice (8): Undefined index:  HTTP_X_FORWARDED_FOR in [C:\Arquivos de programas\VertrigoServ\www\MaisRevistaHomem\app\controllers\artigos_controller.php, line 41]
2011-02-23 10:19:36 Debug: Notice (8): Undefined index:  HTTP_X_FORWARDED_FOR in [C:\Arquivos de programas\VertrigoServ\www\MaisRevistaHomem\app\controllers\artigos_controller.php, line 41]
2011-02-23 11:31:57 Debug: Notice (8): Undefined index:  HTTP_X_FORWARDED_FOR in [C:\Arquivos de programas\VertrigoServ\www\MaisRevistaHomem\app\controllers\artigos_controller.php, line 41]
2011-02-23 11:35:01 Debug: Notice (8): Undefined index:  HTTP_X_FORWARDED_FOR in [C:\Arquivos de programas\VertrigoServ\www\MaisRevistaHomem\app\controllers\artigos_controller.php, line 41]
2011-02-23 11:35:07 Debug: Notice (8): Undefined index:  HTTP_X_FORWARDED_FOR in [C:\Arquivos de programas\VertrigoServ\www\MaisRevistaHomem\app\controllers\artigos_controller.php, line 41]
2011-02-23 11:45:46 Debug: Notice (8): Undefined index:  HTTP_X_FORWARDED_FOR in [C:\Arquivos de programas\VertrigoServ\www\MaisRevistaHomem\app\controllers\artigos_controller.php, line 41]
2011-02-23 12:00:18 Debug: Notice (8): Undefined index:  HTTP_X_FORWARDED_FOR in [C:\Arquivos de programas\VertrigoServ\www\MaisRevistaHomem\app\controllers\artigos_controller.php, line 41]
2011-02-24 14:55:02 Debug: Notice (8): Undefined index:  HTTP_X_FORWARDED_FOR in [C:\Arquivos de programas\VertrigoServ\www\MaisRevistaHomem\app\controllers\artigos_controller.php, line 41]
2011-02-24 14:55:12 Debug: Notice (8): Undefined index:  HTTP_X_FORWARDED_FOR in [C:\Arquivos de programas\VertrigoServ\www\MaisRevistaHomem\app\controllers\artigos_controller.php, line 41]
2011-03-17 11:44:37 Debug: Notice (8): Undefined variable: id in [C:\Arquivos de programas\VertrigoServ\www\MaisRevistaHomem\app\controllers\artigos_controller.php, line 41]
2011-03-17 11:45:12 Debug: Notice (8): Undefined variable: id in [C:\Arquivos de programas\VertrigoServ\www\MaisRevistaHomem\app\controllers\artigos_controller.php, line 41]
2011-03-17 15:37:34 Debug: Notice (8): Undefined index:  Artigo in [C:\Arquivos de programas\VertrigoServ\www\MaisRevistaHomem\app\controllers\artigos_controller.php, line 56]
2011-03-17 15:37:34 Debug: Notice (8): Undefined index:  cliques in [C:\Arquivos de programas\VertrigoServ\www\MaisRevistaHomem\app\controllers\artigos_controller.php, line 56]
2011-03-17 15:37:34 Debug: Notice (8): Undefined index:  editoria_id in [C:\Arquivos de programas\VertrigoServ\www\MaisRevistaHomem\app\controllers\artigos_controller.php, line 58]
2011-03-17 15:37:34 Debug: Notice (8): Undefined index:  id in [C:\Arquivos de programas\VertrigoServ\www\MaisRevistaHomem\app\controllers\artigos_controller.php, line 58]
2011-03-17 15:37:34 Debug: Notice (8): Undefined index:  id in [C:\Arquivos de programas\VertrigoServ\www\MaisRevistaHomem\app\views\artigos\ver.ctp, line 69]
2011-03-17 15:37:34 Debug: Notice (8): Undefined index:  titulo in [C:\Arquivos de programas\VertrigoServ\www\MaisRevistaHomem\app\views\artigos\ver.ctp, line 69]
2011-03-17 15:37:34 Debug: Notice (8): Undefined index:  titulo in [C:\Arquivos de programas\VertrigoServ\www\MaisRevistaHomem\app\views\artigos\ver.ctp, line 81]
2011-03-17 15:37:34 Debug: Notice (8): Undefined index:  subTitulo in [C:\Arquivos de programas\VertrigoServ\www\MaisRevistaHomem\app\views\artigos\ver.ctp, line 82]
2011-03-17 15:37:34 Debug: Notice (8): Undefined index:  texto in [C:\Arquivos de programas\VertrigoServ\www\MaisRevistaHomem\app\views\artigos\ver.ctp, line 104]
2011-03-17 15:37:34 Debug: Notice (8): Undefined index:  id in [C:\Arquivos de programas\VertrigoServ\www\MaisRevistaHomem\app\views\artigos\ver.ctp, line 178]
2011-03-17 15:37:34 Debug: Notice (8): Undefined index:  titulo in [C:\Arquivos de programas\VertrigoServ\www\MaisRevistaHomem\app\views\artigos\ver.ctp, line 178]
2011-03-18 13:08:32 Debug: Notice (8): Undefined index:  Colunista in [C:\Arquivos de programas\VertrigoServ\www\MaisRevistaHomem\app\views\artigos\ver.ctp, line 32]
2011-03-18 13:08:52 Debug: Notice (8): Undefined index:  Colunista in [C:\Arquivos de programas\VertrigoServ\www\MaisRevistaHomem\app\views\artigos\ver.ctp, line 32]
2011-03-18 13:10:31 Debug: Notice (8): Undefined index:  Colunista in [C:\Arquivos de programas\VertrigoServ\www\MaisRevistaHomem\app\views\artigos\ver.ctp, line 32]
2011-03-18 13:10:59 Debug: Notice (8): Undefined index:  Colunista in [C:\Arquivos de programas\VertrigoServ\www\MaisRevistaHomem\app\views\artigos\ver.ctp, line 32]
2011-03-18 15:22:33 Debug: Notice (8): Undefined index:  Artigo in [C:\Arquivos de programas\VertrigoServ\www\MaisRevistaHomem\app\controllers\artigos_controller.php, line 56]
2011-03-18 15:22:33 Debug: Notice (8): Undefined index:  cliques in [C:\Arquivos de programas\VertrigoServ\www\MaisRevistaHomem\app\controllers\artigos_controller.php, line 56]
2011-03-18 15:22:33 Debug: Notice (8): Undefined index:  editoria_id in [C:\Arquivos de programas\VertrigoServ\www\MaisRevistaHomem\app\controllers\artigos_controller.php, line 58]
2011-03-18 15:22:33 Debug: Notice (8): Undefined index:  id in [C:\Arquivos de programas\VertrigoServ\www\MaisRevistaHomem\app\controllers\artigos_controller.php, line 58]
2011-03-18 15:22:33 Debug: Notice (8): Undefined index:  titulo in [C:\Arquivos de programas\VertrigoServ\www\MaisRevistaHomem\app\views\artigos\ver.ctp, line 30]
2011-03-18 15:22:33 Debug: Notice (8): Undefined index:  subTitulo in [C:\Arquivos de programas\VertrigoServ\www\MaisRevistaHomem\app\views\artigos\ver.ctp, line 31]
2011-03-18 15:22:33 Debug: Notice (8): Undefined index:  Colunista in [C:\Arquivos de programas\VertrigoServ\www\MaisRevistaHomem\app\views\artigos\ver.ctp, line 32]
2011-03-18 15:22:33 Debug: Notice (8): Undefined index:  created in [C:\Arquivos de programas\VertrigoServ\www\MaisRevistaHomem\app\views\artigos\ver.ctp, line 32]
2011-03-18 15:22:33 Debug: Notice (8): Undefined offset:  2 in [C:\Arquivos de programas\VertrigoServ\www\MaisRevistaHomem\app\views\artigos\ver.ctp, line 32]
2011-03-18 15:22:33 Debug: Notice (8): Undefined offset:  1 in [C:\Arquivos de programas\VertrigoServ\www\MaisRevistaHomem\app\views\artigos\ver.ctp, line 32]
2011-03-18 15:22:33 Debug: Notice (8): Undefined index:  texto in [C:\Arquivos de programas\VertrigoServ\www\MaisRevistaHomem\app\views\artigos\ver.ctp, line 55]
2011-03-21 13:43:35 Debug: Notice (8): Undefined index:  action in [C:\Arquivos de programas\VertrigoServ\www\MaisRevistaHomem\cake\dispatcher.php, line 127]
2011-03-21 13:43:35 Debug: Notice (8): Undefined index:  action in [C:\Arquivos de programas\VertrigoServ\www\MaisRevistaHomem\cake\dispatcher.php, line 133]
