2010-10-05 11:46:13 Warning: Warning (2): include_once(C:\Arquivos de programas\VertrigoServ\www\MaisRevistaHomem\app\config\database.php) [<a href='http://php.net/function.include-once'>function.include-once</a>]: failed to open stream: No such file or directory in [C:\Arquivos de programas\VertrigoServ\www\MaisRevistaHomem\cake\libs\model\connection_manager.php, line 23]
2010-10-05 11:46:13 Warning: Warning (2): include_once() [<a href='http://php.net/function.include'>function.include</a>]: Failed opening 'C:\Arquivos de programas\VertrigoServ\www\MaisRevistaHomem\app\config\database.php' for inclusion (include_path='C:\Arquivos de programas\VertrigoServ\www\MaisRevistaHomem;C:\Arquivos de programas\VertrigoServ\www\MaisRevistaHomem\app\;.;C:\Arquivos de programas\VertrigoServ\Smarty') in [C:\Arquivos de programas\VertrigoServ\www\MaisRevistaHomem\cake\libs\model\connection_manager.php, line 23]
2010-10-05 11:46:13 Error: Fatal Error (256): ConnectionManager::getDataSource - Non-existent data source default in [C:\Arquivos de programas\VertrigoServ\www\MaisRevistaHomem\cake\libs\model\connection_manager.php, line 102]
2010-10-05 11:46:38 Warning: Warning (2): include_once(C:\Arquivos de programas\VertrigoServ\www\MaisRevistaHomem\app\config\database.php) [<a href='http://php.net/function.include-once'>function.include-once</a>]: failed to open stream: No such file or directory in [C:\Arquivos de programas\VertrigoServ\www\MaisRevistaHomem\cake\libs\model\connection_manager.php, line 23]
2010-10-05 11:46:38 Warning: Warning (2): include_once() [<a href='http://php.net/function.include'>function.include</a>]: Failed opening 'C:\Arquivos de programas\VertrigoServ\www\MaisRevistaHomem\app\config\database.php' for inclusion (include_path='C:\Arquivos de programas\VertrigoServ\www\MaisRevistaHomem;C:\Arquivos de programas\VertrigoServ\www\MaisRevistaHomem\app\;.;C:\Arquivos de programas\VertrigoServ\Smarty') in [C:\Arquivos de programas\VertrigoServ\www\MaisRevistaHomem\cake\libs\model\connection_manager.php, line 23]
2010-10-05 11:46:38 Error: Fatal Error (256): ConnectionManager::getDataSource - Non-existent data source default in [C:\Arquivos de programas\VertrigoServ\www\MaisRevistaHomem\cake\libs\model\connection_manager.php, line 102]
2010-10-05 11:46:39 Warning: Warning (2): include_once(C:\Arquivos de programas\VertrigoServ\www\MaisRevistaHomem\app\config\database.php) [<a href='http://php.net/function.include-once'>function.include-once</a>]: failed to open stream: No such file or directory in [C:\Arquivos de programas\VertrigoServ\www\MaisRevistaHomem\cake\libs\model\connection_manager.php, line 23]
2010-10-05 11:46:39 Warning: Warning (2): include_once() [<a href='http://php.net/function.include'>function.include</a>]: Failed opening 'C:\Arquivos de programas\VertrigoServ\www\MaisRevistaHomem\app\config\database.php' for inclusion (include_path='C:\Arquivos de programas\VertrigoServ\www\MaisRevistaHomem;C:\Arquivos de programas\VertrigoServ\www\MaisRevistaHomem\app\;.;C:\Arquivos de programas\VertrigoServ\Smarty') in [C:\Arquivos de programas\VertrigoServ\www\MaisRevistaHomem\cake\libs\model\connection_manager.php, line 23]
2010-10-05 11:46:39 Error: Fatal Error (256): ConnectionManager::getDataSource - Non-existent data source default in [C:\Arquivos de programas\VertrigoServ\www\MaisRevistaHomem\cake\libs\model\connection_manager.php, line 102]
2010-10-05 11:46:58 Warning: Warning (2): include_once(C:\Arquivos de programas\VertrigoServ\www\MaisRevistaHomem\app\config\database.php) [<a href='http://php.net/function.include-once'>function.include-once</a>]: failed to open stream: No such file or directory in [C:\Arquivos de programas\VertrigoServ\www\MaisRevistaHomem\cake\libs\model\connection_manager.php, line 23]
2010-10-05 11:46:58 Warning: Warning (2): include_once() [<a href='http://php.net/function.include'>function.include</a>]: Failed opening 'C:\Arquivos de programas\VertrigoServ\www\MaisRevistaHomem\app\config\database.php' for inclusion (include_path='C:\Arquivos de programas\VertrigoServ\www\MaisRevistaHomem;C:\Arquivos de programas\VertrigoServ\www\MaisRevistaHomem\app\;.;C:\Arquivos de programas\VertrigoServ\Smarty') in [C:\Arquivos de programas\VertrigoServ\www\MaisRevistaHomem\cake\libs\model\connection_manager.php, line 23]
2010-10-05 11:46:58 Error: Fatal Error (256): ConnectionManager::getDataSource - Non-existent data source default in [C:\Arquivos de programas\VertrigoServ\www\MaisRevistaHomem\cake\libs\model\connection_manager.php, line 102]
2010-10-06 10:54:56 Warning: Warning (2): basename() expects parameter 1 to be string, array given in [C:\Arquivos de programas\VertrigoServ\www\MaisRevistaHomem\cake\libs\file.php, line 102]
2010-10-06 12:07:20 Warning: Warning (2): Cannot modify header information - headers already sent by (output started at C:\Arquivos de programas\VertrigoServ\www\MaisRevistaHomem\cake\libs\debugger.php:673) in [C:\Arquivos de programas\VertrigoServ\www\MaisRevistaHomem\cake\libs\controller\controller.php, line 746]
2010-10-06 12:14:14 Warning: Warning (2): Cannot modify header information - headers already sent by (output started at C:\Arquivos de programas\VertrigoServ\www\MaisRevistaHomem\cake\libs\debugger.php:673) in [C:\Arquivos de programas\VertrigoServ\www\MaisRevistaHomem\cake\libs\controller\controller.php, line 746]
2010-10-06 12:14:17 Warning: Warning (2): Cannot modify header information - headers already sent by (output started at C:\Arquivos de programas\VertrigoServ\www\MaisRevistaHomem\cake\libs\debugger.php:673) in [C:\Arquivos de programas\VertrigoServ\www\MaisRevistaHomem\cake\libs\controller\controller.php, line 746]
2010-10-06 15:47:56 Warning: Warning (2): Division by zero in [C:\Arquivos de programas\VertrigoServ\www\MaisRevistaHomem\app\views\elements\anuncios.ctp, line 5]
2010-10-06 15:48:25 Warning: Warning (2): Division by zero in [C:\Arquivos de programas\VertrigoServ\www\MaisRevistaHomem\app\views\elements\anuncios.ctp, line 5]
2010-10-08 14:46:56 Warning: Warning (2): mysql_connect() [<a href='http://php.net/function.mysql-connect'>function.mysql-connect</a>]: Can't connect to local MySQL server through socket '/var/lib/mysql/mysql.sock' (2) in [/home/storage/9/81/be/editorcriacao/homem/cake/libs/model/datasources/dbo/dbo_mysql.php, line 552]
2010-10-08 14:46:56 Warning: Warning (2): mysql_select_db(): supplied argument is not a valid MySQL-Link resource in [/home/storage/9/81/be/editorcriacao/homem/cake/libs/model/datasources/dbo/dbo_mysql.php, line 558]
2010-10-08 14:46:56 Warning: Warning (2): mysql_query(): supplied argument is not a valid MySQL-Link resource in [/home/storage/9/81/be/editorcriacao/homem/cake/libs/model/datasources/dbo/dbo_mysql.php, line 600]
2010-10-08 14:46:56 Warning: Warning (2): mysql_get_server_info(): supplied argument is not a valid MySQL-Link resource in [/home/storage/9/81/be/editorcriacao/homem/cake/libs/model/datasources/dbo/dbo_mysql.php, line 566]
2010-10-08 14:46:56 Warning: Warning (2): Cannot modify header information - headers already sent by (output started at /home/storage/9/81/be/editorcriacao/homem/cake/libs/debugger.php:673) in [/home/storage/9/81/be/editorcriacao/homem/cake/libs/controller/controller.php, line 746]
2010-10-08 14:47:02 Warning: Warning (2): mysql_connect() [<a href='http://php.net/function.mysql-connect'>function.mysql-connect</a>]: Can't connect to local MySQL server through socket '/var/lib/mysql/mysql.sock' (2) in [/home/storage/9/81/be/editorcriacao/homem/cake/libs/model/datasources/dbo/dbo_mysql.php, line 552]
2010-10-08 14:47:02 Warning: Warning (2): mysql_select_db(): supplied argument is not a valid MySQL-Link resource in [/home/storage/9/81/be/editorcriacao/homem/cake/libs/model/datasources/dbo/dbo_mysql.php, line 558]
2010-10-08 14:47:02 Warning: Warning (2): mysql_query(): supplied argument is not a valid MySQL-Link resource in [/home/storage/9/81/be/editorcriacao/homem/cake/libs/model/datasources/dbo/dbo_mysql.php, line 600]
2010-10-08 14:47:02 Warning: Warning (2): mysql_get_server_info(): supplied argument is not a valid MySQL-Link resource in [/home/storage/9/81/be/editorcriacao/homem/cake/libs/model/datasources/dbo/dbo_mysql.php, line 566]
2010-10-14 19:20:25 Warning: Warning (512): <span style="color:Red;text-align:left"><b>SQL Error:</b> 2013: Lost connection to MySQL server during query</span> in [C:\Arquivos de programas\VertrigoServ\www\MaisRevistaHomem\cake\libs\model\datasources\dbo_source.php, line 681]
2010-10-14 19:20:25 Warning: Warning (2): Invalid argument supplied for foreach() in [C:\Arquivos de programas\VertrigoServ\www\MaisRevistaHomem\app\views\pages\home.ctp, line 48]
2010-10-25 17:55:46 Warning: Warning (2): mysql_connect() [<a href='http://php.net/function.mysql-connect'>function.mysql-connect</a>]: Unknown MySQL server host 'mysql05.editorcriacao.com.br' (11004) in [C:\Arquivos de programas\VertrigoServ\www\MaisRevistaHomem\cake\libs\model\datasources\dbo\dbo_mysql.php, line 552]
2010-10-25 17:55:46 Warning: Warning (2): mysql_select_db(): supplied argument is not a valid MySQL-Link resource in [C:\Arquivos de programas\VertrigoServ\www\MaisRevistaHomem\cake\libs\model\datasources\dbo\dbo_mysql.php, line 558]
2010-10-25 17:55:46 Warning: Warning (2): mysql_query(): supplied argument is not a valid MySQL-Link resource in [C:\Arquivos de programas\VertrigoServ\www\MaisRevistaHomem\cake\libs\model\datasources\dbo\dbo_mysql.php, line 600]
2010-10-25 17:55:46 Warning: Warning (2): mysql_get_server_info(): supplied argument is not a valid MySQL-Link resource in [C:\Arquivos de programas\VertrigoServ\www\MaisRevistaHomem\cake\libs\model\datasources\dbo\dbo_mysql.php, line 566]
2010-10-25 17:55:46 Warning: Warning (2): mysql_errno(): supplied argument is not a valid MySQL-Link resource in [C:\Arquivos de programas\VertrigoServ\www\MaisRevistaHomem\cake\libs\model\datasources\dbo\dbo_mysql.php, line 682]
2010-10-25 17:58:35 Warning: Warning (2): Invalid argument supplied for foreach() in [C:\Arquivos de programas\VertrigoServ\www\MaisRevistaHomem\app\views\editorias\ver.ctp, line 6]
2010-10-26 12:40:08 Warning: Warning (512): <span style="color:Red;text-align:left"><b>SQL Error:</b> 1054: Unknown column 'Artgio.cliques' in 'field list'</span> in [C:\Arquivos de programas\VertrigoServ\www\MaisRevistaHomem\cake\libs\model\datasources\dbo_source.php, line 681]
2010-10-26 12:44:23 Warning: Warning (512): <span style="color:Red;text-align:left"><b>SQL Error:</b> 1054: Unknown column 'Artigo.recente' in 'where clause'</span> in [C:\Arquivos de programas\VertrigoServ\www\MaisRevistaHomem\cake\libs\model\datasources\dbo_source.php, line 681]
2010-10-26 12:46:15 Warning: Warning (512): <span style="color:Red;text-align:left"><b>SQL Error:</b> 1054: Unknown column 'Artigo.recente' in 'where clause'</span> in [C:\Arquivos de programas\VertrigoServ\www\MaisRevistaHomem\cake\libs\model\datasources\dbo_source.php, line 681]
2010-10-26 12:46:39 Warning: Warning (512): <span style="color:Red;text-align:left"><b>SQL Error:</b> 1054: Unknown column 'Artigo.recente' in 'where clause'</span> in [C:\Arquivos de programas\VertrigoServ\www\MaisRevistaHomem\cake\libs\model\datasources\dbo_source.php, line 681]
2010-10-26 12:47:27 Warning: Warning (512): <span style="color:Red;text-align:left"><b>SQL Error:</b> 1054: Unknown column 'Artigo.recente' in 'where clause'</span> in [C:\Arquivos de programas\VertrigoServ\www\MaisRevistaHomem\cake\libs\model\datasources\dbo_source.php, line 681]
2010-10-26 12:47:45 Warning: Warning (512): <span style="color:Red;text-align:left"><b>SQL Error:</b> 1054: Unknown column 'Artigo.recente' in 'where clause'</span> in [C:\Arquivos de programas\VertrigoServ\www\MaisRevistaHomem\cake\libs\model\datasources\dbo_source.php, line 681]
2010-10-26 12:48:53 Warning: Warning (512): <span style="color:Red;text-align:left"><b>SQL Error:</b> 1054: Unknown column 'Artigo.recente' in 'where clause'</span> in [C:\Arquivos de programas\VertrigoServ\www\MaisRevistaHomem\cake\libs\model\datasources\dbo_source.php, line 681]
2010-10-26 12:49:24 Warning: Warning (512): <span style="color:Red;text-align:left"><b>SQL Error:</b> 1054: Unknown column 'Artigo.recente' in 'where clause'</span> in [C:\Arquivos de programas\VertrigoServ\www\MaisRevistaHomem\cake\libs\model\datasources\dbo_source.php, line 681]
2010-10-26 12:49:31 Warning: Warning (512): <span style="color:Red;text-align:left"><b>SQL Error:</b> 1054: Unknown column 'Artigo' in 'where clause'</span> in [C:\Arquivos de programas\VertrigoServ\www\MaisRevistaHomem\cake\libs\model\datasources\dbo_source.php, line 681]
2010-10-26 12:50:23 Warning: Warning (512): <span style="color:Red;text-align:left"><b>SQL Error:</b> 1064: You have an error in your SQL syntax; check the manual that corresponds to your MySQL server version for the right syntax to use near 'OR AND `Artigo`.`recente` = 1   ORDER BY `Artigo`.`created` DESC' at line 1</span> in [C:\Arquivos de programas\VertrigoServ\www\MaisRevistaHomem\cake\libs\model\datasources\dbo_source.php, line 681]
2010-10-26 12:50:57 Warning: Warning (512): <span style="color:Red;text-align:left"><b>SQL Error:</b> 1054: Unknown column 'Artigo.recente' in 'where clause'</span> in [C:\Arquivos de programas\VertrigoServ\www\MaisRevistaHomem\cake\libs\model\datasources\dbo_source.php, line 681]
2010-10-26 12:51:28 Warning: Warning (512): <span style="color:Red;text-align:left"><b>SQL Error:</b> 1054: Unknown column 'Artigo.recente' in 'where clause'</span> in [C:\Arquivos de programas\VertrigoServ\www\MaisRevistaHomem\cake\libs\model\datasources\dbo_source.php, line 681]
2010-10-26 12:51:48 Warning: Warning (512): <span style="color:Red;text-align:left"><b>SQL Error:</b> 1054: Unknown column 'Artigo.recente' in 'where clause'</span> in [C:\Arquivos de programas\VertrigoServ\www\MaisRevistaHomem\cake\libs\model\datasources\dbo_source.php, line 681]
2010-10-26 12:52:44 Warning: Warning (512): <span style="color:Red;text-align:left"><b>SQL Error:</b> 1054: Unknown column 'Artigo.recente' in 'where clause'</span> in [C:\Arquivos de programas\VertrigoServ\www\MaisRevistaHomem\cake\libs\model\datasources\dbo_source.php, line 681]
2010-10-26 12:52:56 Warning: Warning (512): <span style="color:Red;text-align:left"><b>SQL Error:</b> 1054: Unknown column 'Artigo.recente' in 'where clause'</span> in [C:\Arquivos de programas\VertrigoServ\www\MaisRevistaHomem\cake\libs\model\datasources\dbo_source.php, line 681]
2010-10-26 12:53:37 Warning: Warning (512): <span style="color:Red;text-align:left"><b>SQL Error:</b> 1054: Unknown column 'Artigo.recente' in 'where clause'</span> in [C:\Arquivos de programas\VertrigoServ\www\MaisRevistaHomem\cake\libs\model\datasources\dbo_source.php, line 681]
2010-10-26 12:54:18 Warning: Warning (512): <span style="color:Red;text-align:left"><b>SQL Error:</b> 1054: Unknown column 'Artigo.recente' in 'where clause'</span> in [C:\Arquivos de programas\VertrigoServ\www\MaisRevistaHomem\cake\libs\model\datasources\dbo_source.php, line 681]
2010-10-26 12:54:49 Warning: Warning (512): <span style="color:Red;text-align:left"><b>SQL Error:</b> 1054: Unknown column 'Artigo.recente' in 'where clause'</span> in [C:\Arquivos de programas\VertrigoServ\www\MaisRevistaHomem\cake\libs\model\datasources\dbo_source.php, line 681]
2010-10-26 12:55:09 Warning: Warning (512): <span style="color:Red;text-align:left"><b>SQL Error:</b> 1054: Unknown column 'Artigo.recente' in 'where clause'</span> in [C:\Arquivos de programas\VertrigoServ\www\MaisRevistaHomem\cake\libs\model\datasources\dbo_source.php, line 681]
2010-10-26 12:55:46 Warning: Warning (512): <span style="color:Red;text-align:left"><b>SQL Error:</b> 1054: Unknown column 'Artigo.recente' in 'where clause'</span> in [C:\Arquivos de programas\VertrigoServ\www\MaisRevistaHomem\cake\libs\model\datasources\dbo_source.php, line 681]
2010-10-27 15:04:24 Warning: Warning (2): Cannot modify header information - headers already sent by (output started at C:\Arquivos de programas\VertrigoServ\www\MaisRevistaHomem\cake\libs\debugger.php:673) in [C:\Arquivos de programas\VertrigoServ\www\MaisRevistaHomem\cake\libs\controller\controller.php, line 746]
2010-10-27 16:25:34 Warning: Warning (2): Invalid argument supplied for foreach() in [C:\Arquivos de programas\VertrigoServ\www\MaisRevistaHomem\app\views\artigos\ver.ctp, line 49]
2010-12-15 15:17:45 Warning: Warning (2): Cannot modify header information - headers already sent by (output started at C:\Arquivos de programas\VertrigoServ\www\MaisRevistaHomem\cake\libs\debugger.php:673) in [C:\Arquivos de programas\VertrigoServ\www\MaisRevistaHomem\cake\libs\controller\controller.php, line 746]
2011-03-17 11:44:37 Warning: Warning (2): Missing argument 1 for ArtigosController::ultimasMaterias() in [C:\Arquivos de programas\VertrigoServ\www\MaisRevistaHomem\app\controllers\artigos_controller.php, line 34]
2011-03-17 11:45:12 Warning: Warning (2): Missing argument 1 for ArtigosController::ultimasMaterias() in [C:\Arquivos de programas\VertrigoServ\www\MaisRevistaHomem\app\controllers\artigos_controller.php, line 34]
2011-03-17 15:06:41 Warning: Warning (2): mysql_connect() [<a href='http://php.net/function.mysql-connect'>function.mysql-connect</a>]: Can't connect to MySQL server on 'mysql05.editorcriacao.com.br' (10060) in [C:\Arquivos de programas\VertrigoServ\www\MaisRevistaHomem\cake\libs\model\datasources\dbo\dbo_mysql.php, line 552]
2011-03-17 15:06:41 Warning: Warning (2): mysql_select_db(): supplied argument is not a valid MySQL-Link resource in [C:\Arquivos de programas\VertrigoServ\www\MaisRevistaHomem\cake\libs\model\datasources\dbo\dbo_mysql.php, line 558]
2011-03-17 15:06:41 Warning: Warning (2): mysql_query(): supplied argument is not a valid MySQL-Link resource in [C:\Arquivos de programas\VertrigoServ\www\MaisRevistaHomem\cake\libs\model\datasources\dbo\dbo_mysql.php, line 600]
2011-03-17 15:06:41 Warning: Warning (2): mysql_get_server_info(): supplied argument is not a valid MySQL-Link resource in [C:\Arquivos de programas\VertrigoServ\www\MaisRevistaHomem\cake\libs\model\datasources\dbo\dbo_mysql.php, line 566]
2011-03-17 15:06:41 Warning: Warning (2): Cannot modify header information - headers already sent by (output started at C:\Arquivos de programas\VertrigoServ\www\MaisRevistaHomem\cake\libs\debugger.php:673) in [C:\Arquivos de programas\VertrigoServ\www\MaisRevistaHomem\cake\libs\controller\controller.php, line 746]
2011-03-17 15:06:49 Warning: Warning (2): mysql_connect() [<a href='http://php.net/function.mysql-connect'>function.mysql-connect</a>]: Lost connection to MySQL server at 'reading authorization packet', system error: 0 in [C:\Arquivos de programas\VertrigoServ\www\MaisRevistaHomem\cake\libs\model\datasources\dbo\dbo_mysql.php, line 552]
2011-03-17 15:06:49 Warning: Warning (2): mysql_select_db(): supplied argument is not a valid MySQL-Link resource in [C:\Arquivos de programas\VertrigoServ\www\MaisRevistaHomem\cake\libs\model\datasources\dbo\dbo_mysql.php, line 558]
2011-03-17 15:06:49 Warning: Warning (2): mysql_query(): supplied argument is not a valid MySQL-Link resource in [C:\Arquivos de programas\VertrigoServ\www\MaisRevistaHomem\cake\libs\model\datasources\dbo\dbo_mysql.php, line 600]
2011-03-17 15:06:49 Warning: Warning (2): mysql_get_server_info(): supplied argument is not a valid MySQL-Link resource in [C:\Arquivos de programas\VertrigoServ\www\MaisRevistaHomem\cake\libs\model\datasources\dbo\dbo_mysql.php, line 566]
2011-03-17 15:06:49 Warning: Warning (2): Cannot modify header information - headers already sent by (output started at C:\Arquivos de programas\VertrigoServ\www\MaisRevistaHomem\cake\libs\debugger.php:673) in [C:\Arquivos de programas\VertrigoServ\www\MaisRevistaHomem\cake\libs\controller\controller.php, line 746]
2011-03-17 15:37:34 Warning: Warning (512): <span style="color:Red;text-align:left"><b>SQL Error:</b> 2006: MySQL server has gone away</span> in [C:\Arquivos de programas\VertrigoServ\www\MaisRevistaHomem\cake\libs\model\datasources\dbo_source.php, line 681]
2011-03-17 15:38:34 Warning: Warning (2): mysql_connect() [<a href='http://php.net/function.mysql-connect'>function.mysql-connect</a>]: Can't connect to MySQL server on 'mysql05.editorcriacao.com.br' (10060) in [C:\Arquivos de programas\VertrigoServ\www\MaisRevistaHomem\cake\libs\model\datasources\dbo\dbo_mysql.php, line 552]
2011-03-17 15:38:34 Warning: Warning (2): mysql_select_db(): supplied argument is not a valid MySQL-Link resource in [C:\Arquivos de programas\VertrigoServ\www\MaisRevistaHomem\cake\libs\model\datasources\dbo\dbo_mysql.php, line 558]
2011-03-17 15:38:34 Warning: Warning (2): mysql_query(): supplied argument is not a valid MySQL-Link resource in [C:\Arquivos de programas\VertrigoServ\www\MaisRevistaHomem\cake\libs\model\datasources\dbo\dbo_mysql.php, line 600]
2011-03-17 15:38:34 Warning: Warning (2): mysql_get_server_info(): supplied argument is not a valid MySQL-Link resource in [C:\Arquivos de programas\VertrigoServ\www\MaisRevistaHomem\cake\libs\model\datasources\dbo\dbo_mysql.php, line 566]
2011-03-17 15:39:26 Warning: Warning (2): mysql_connect() [<a href='http://php.net/function.mysql-connect'>function.mysql-connect</a>]: Can't connect to MySQL server on 'mysql05.editorcriacao.com.br' (10060) in [C:\Arquivos de programas\VertrigoServ\www\MaisRevistaHomem\cake\libs\model\datasources\dbo\dbo_mysql.php, line 552]
2011-03-17 15:39:26 Warning: Warning (2): mysql_select_db(): supplied argument is not a valid MySQL-Link resource in [C:\Arquivos de programas\VertrigoServ\www\MaisRevistaHomem\cake\libs\model\datasources\dbo\dbo_mysql.php, line 558]
2011-03-17 15:39:26 Warning: Warning (2): mysql_query(): supplied argument is not a valid MySQL-Link resource in [C:\Arquivos de programas\VertrigoServ\www\MaisRevistaHomem\cake\libs\model\datasources\dbo\dbo_mysql.php, line 600]
2011-03-17 15:39:26 Warning: Warning (2): mysql_get_server_info(): supplied argument is not a valid MySQL-Link resource in [C:\Arquivos de programas\VertrigoServ\www\MaisRevistaHomem\cake\libs\model\datasources\dbo\dbo_mysql.php, line 566]
2011-03-17 15:39:28 Warning: Warning (2): mysql_connect() [<a href='http://php.net/function.mysql-connect'>function.mysql-connect</a>]: Can't connect to MySQL server on 'mysql05.editorcriacao.com.br' (10060) in [C:\Arquivos de programas\VertrigoServ\www\MaisRevistaHomem\cake\libs\model\datasources\dbo\dbo_mysql.php, line 552]
2011-03-17 15:39:28 Warning: Warning (2): mysql_select_db(): supplied argument is not a valid MySQL-Link resource in [C:\Arquivos de programas\VertrigoServ\www\MaisRevistaHomem\cake\libs\model\datasources\dbo\dbo_mysql.php, line 558]
2011-03-17 15:39:28 Warning: Warning (2): mysql_query(): supplied argument is not a valid MySQL-Link resource in [C:\Arquivos de programas\VertrigoServ\www\MaisRevistaHomem\cake\libs\model\datasources\dbo\dbo_mysql.php, line 600]
2011-03-17 15:39:28 Warning: Warning (2): mysql_get_server_info(): supplied argument is not a valid MySQL-Link resource in [C:\Arquivos de programas\VertrigoServ\www\MaisRevistaHomem\cake\libs\model\datasources\dbo\dbo_mysql.php, line 566]
2011-03-17 15:39:50 Warning: Warning (2): mysql_connect() [<a href='http://php.net/function.mysql-connect'>function.mysql-connect</a>]: Can't connect to MySQL server on 'mysql05.editorcriacao.com.br' (10060) in [C:\Arquivos de programas\VertrigoServ\www\MaisRevistaHomem\cake\libs\model\datasources\dbo\dbo_mysql.php, line 552]
2011-03-17 15:39:50 Warning: Warning (2): mysql_select_db(): supplied argument is not a valid MySQL-Link resource in [C:\Arquivos de programas\VertrigoServ\www\MaisRevistaHomem\cake\libs\model\datasources\dbo\dbo_mysql.php, line 558]
2011-03-17 15:39:50 Warning: Warning (2): mysql_query(): supplied argument is not a valid MySQL-Link resource in [C:\Arquivos de programas\VertrigoServ\www\MaisRevistaHomem\cake\libs\model\datasources\dbo\dbo_mysql.php, line 600]
2011-03-17 15:39:50 Warning: Warning (2): mysql_get_server_info(): supplied argument is not a valid MySQL-Link resource in [C:\Arquivos de programas\VertrigoServ\www\MaisRevistaHomem\cake\libs\model\datasources\dbo\dbo_mysql.php, line 566]
2011-03-17 15:44:21 Warning: Warning (2): mysql_connect() [<a href='http://php.net/function.mysql-connect'>function.mysql-connect</a>]: Can't connect to MySQL server on 'mysql05.editorcriacao.com.br' (10060) in [C:\Arquivos de programas\VertrigoServ\www\MaisRevistaHomem\cake\libs\model\datasources\dbo\dbo_mysql.php, line 552]
2011-03-17 15:44:21 Warning: Warning (2): mysql_select_db(): supplied argument is not a valid MySQL-Link resource in [C:\Arquivos de programas\VertrigoServ\www\MaisRevistaHomem\cake\libs\model\datasources\dbo\dbo_mysql.php, line 558]
2011-03-17 15:44:21 Warning: Warning (2): mysql_query(): supplied argument is not a valid MySQL-Link resource in [C:\Arquivos de programas\VertrigoServ\www\MaisRevistaHomem\cake\libs\model\datasources\dbo\dbo_mysql.php, line 600]
2011-03-17 15:44:21 Warning: Warning (2): mysql_get_server_info(): supplied argument is not a valid MySQL-Link resource in [C:\Arquivos de programas\VertrigoServ\www\MaisRevistaHomem\cake\libs\model\datasources\dbo\dbo_mysql.php, line 566]
2011-03-17 15:44:58 Warning: Warning (2): mysql_connect() [<a href='http://php.net/function.mysql-connect'>function.mysql-connect</a>]: Can't connect to MySQL server on 'mysql05.editorcriacao.com.br' (10060) in [C:\Arquivos de programas\VertrigoServ\www\MaisRevistaHomem\cake\libs\model\datasources\dbo\dbo_mysql.php, line 552]
2011-03-17 15:44:58 Warning: Warning (2): mysql_select_db(): supplied argument is not a valid MySQL-Link resource in [C:\Arquivos de programas\VertrigoServ\www\MaisRevistaHomem\cake\libs\model\datasources\dbo\dbo_mysql.php, line 558]
2011-03-17 15:44:58 Warning: Warning (2): mysql_query(): supplied argument is not a valid MySQL-Link resource in [C:\Arquivos de programas\VertrigoServ\www\MaisRevistaHomem\cake\libs\model\datasources\dbo\dbo_mysql.php, line 600]
2011-03-17 15:44:58 Warning: Warning (2): mysql_get_server_info(): supplied argument is not a valid MySQL-Link resource in [C:\Arquivos de programas\VertrigoServ\www\MaisRevistaHomem\cake\libs\model\datasources\dbo\dbo_mysql.php, line 566]
2011-03-17 15:49:41 Warning: Warning (2): mysql_connect() [<a href='http://php.net/function.mysql-connect'>function.mysql-connect</a>]: Can't connect to MySQL server on 'mysql05.editorcriacao.com.br' (10060) in [C:\Arquivos de programas\VertrigoServ\www\MaisRevistaHomem\cake\libs\model\datasources\dbo\dbo_mysql.php, line 552]
2011-03-17 15:49:41 Warning: Warning (2): mysql_select_db(): supplied argument is not a valid MySQL-Link resource in [C:\Arquivos de programas\VertrigoServ\www\MaisRevistaHomem\cake\libs\model\datasources\dbo\dbo_mysql.php, line 558]
2011-03-17 15:49:41 Warning: Warning (2): mysql_query(): supplied argument is not a valid MySQL-Link resource in [C:\Arquivos de programas\VertrigoServ\www\MaisRevistaHomem\cake\libs\model\datasources\dbo\dbo_mysql.php, line 600]
2011-03-17 15:49:41 Warning: Warning (2): mysql_get_server_info(): supplied argument is not a valid MySQL-Link resource in [C:\Arquivos de programas\VertrigoServ\www\MaisRevistaHomem\cake\libs\model\datasources\dbo\dbo_mysql.php, line 566]
2011-03-17 15:51:19 Warning: Warning (2): mysql_connect() [<a href='http://php.net/function.mysql-connect'>function.mysql-connect</a>]: Can't connect to MySQL server on 'mysql05.editorcriacao.com.br' (10060) in [C:\Arquivos de programas\VertrigoServ\www\MaisRevistaHomem\cake\libs\model\datasources\dbo\dbo_mysql.php, line 552]
2011-03-17 15:51:19 Warning: Warning (2): mysql_select_db(): supplied argument is not a valid MySQL-Link resource in [C:\Arquivos de programas\VertrigoServ\www\MaisRevistaHomem\cake\libs\model\datasources\dbo\dbo_mysql.php, line 558]
2011-03-17 15:51:19 Warning: Warning (2): mysql_query(): supplied argument is not a valid MySQL-Link resource in [C:\Arquivos de programas\VertrigoServ\www\MaisRevistaHomem\cake\libs\model\datasources\dbo\dbo_mysql.php, line 600]
2011-03-17 15:51:19 Warning: Warning (2): mysql_get_server_info(): supplied argument is not a valid MySQL-Link resource in [C:\Arquivos de programas\VertrigoServ\www\MaisRevistaHomem\cake\libs\model\datasources\dbo\dbo_mysql.php, line 566]
2011-03-17 15:51:23 Warning: Warning (2): mysql_connect() [<a href='http://php.net/function.mysql-connect'>function.mysql-connect</a>]: Can't connect to MySQL server on 'mysql05.editorcriacao.com.br' (10060) in [C:\Arquivos de programas\VertrigoServ\www\MaisRevistaHomem\cake\libs\model\datasources\dbo\dbo_mysql.php, line 552]
2011-03-17 15:51:23 Warning: Warning (2): mysql_select_db(): supplied argument is not a valid MySQL-Link resource in [C:\Arquivos de programas\VertrigoServ\www\MaisRevistaHomem\cake\libs\model\datasources\dbo\dbo_mysql.php, line 558]
2011-03-17 15:51:23 Warning: Warning (2): mysql_query(): supplied argument is not a valid MySQL-Link resource in [C:\Arquivos de programas\VertrigoServ\www\MaisRevistaHomem\cake\libs\model\datasources\dbo\dbo_mysql.php, line 600]
2011-03-17 15:51:23 Warning: Warning (2): mysql_get_server_info(): supplied argument is not a valid MySQL-Link resource in [C:\Arquivos de programas\VertrigoServ\www\MaisRevistaHomem\cake\libs\model\datasources\dbo\dbo_mysql.php, line 566]
2011-03-17 15:51:24 Warning: Warning (2): mysql_connect() [<a href='http://php.net/function.mysql-connect'>function.mysql-connect</a>]: Can't connect to MySQL server on 'mysql05.editorcriacao.com.br' (10060) in [C:\Arquivos de programas\VertrigoServ\www\MaisRevistaHomem\cake\libs\model\datasources\dbo\dbo_mysql.php, line 552]
2011-03-17 15:51:24 Warning: Warning (2): mysql_select_db(): supplied argument is not a valid MySQL-Link resource in [C:\Arquivos de programas\VertrigoServ\www\MaisRevistaHomem\cake\libs\model\datasources\dbo\dbo_mysql.php, line 558]
2011-03-17 15:51:24 Warning: Warning (2): mysql_query(): supplied argument is not a valid MySQL-Link resource in [C:\Arquivos de programas\VertrigoServ\www\MaisRevistaHomem\cake\libs\model\datasources\dbo\dbo_mysql.php, line 600]
2011-03-17 15:51:24 Warning: Warning (2): mysql_get_server_info(): supplied argument is not a valid MySQL-Link resource in [C:\Arquivos de programas\VertrigoServ\www\MaisRevistaHomem\cake\libs\model\datasources\dbo\dbo_mysql.php, line 566]
2011-03-17 16:33:12 Warning: Warning (512): <span style="color:Red;text-align:left"><b>SQL Error:</b> 2013: Lost connection to MySQL server during query</span> in [C:\Arquivos de programas\VertrigoServ\www\MaisRevistaHomem\cake\libs\model\datasources\dbo_source.php, line 681]
2011-03-17 16:33:12 Warning: Warning (2): Invalid argument supplied for foreach() in [C:\Arquivos de programas\VertrigoServ\www\MaisRevistaHomem\cake\libs\model\datasources\dbo_source.php, line 1095]
2011-03-17 16:33:12 Warning: Warning (512): <span style="color:Red;text-align:left"><b>SQL Error:</b> 2006: MySQL server has gone away</span> in [C:\Arquivos de programas\VertrigoServ\www\MaisRevistaHomem\cake\libs\model\datasources\dbo_source.php, line 681]
2011-03-17 16:33:12 Warning: Warning (2): session_destroy() [<a href='http://php.net/function.session-destroy'>function.session-destroy</a>]: Session object destruction failed in [C:\Arquivos de programas\VertrigoServ\www\MaisRevistaHomem\cake\libs\cake_session.php, line 458]
2011-03-17 16:33:12 Warning: Warning (2): session_destroy() [<a href='http://php.net/function.session-destroy'>function.session-destroy</a>]: Session object destruction failed in [C:\Arquivos de programas\VertrigoServ\www\MaisRevistaHomem\cake\libs\cake_session.php, line 458]
2011-03-17 16:33:13 Warning: Warning (512): <span style="color:Red;text-align:left"><b>SQL Error:</b> 2013: Lost connection to MySQL server during query</span> in [C:\Arquivos de programas\VertrigoServ\www\MaisRevistaHomem\cake\libs\model\datasources\dbo_source.php, line 681]
2011-03-17 16:33:13 Warning: Warning (2): Invalid argument supplied for foreach() in [C:\Arquivos de programas\VertrigoServ\www\MaisRevistaHomem\app\views\pages\home.ctp, line 37]
2011-03-17 16:33:13 Warning: Warning (512): <span style="color:Red;text-align:left"><b>SQL Error:</b> 2006: MySQL server has gone away</span> in [C:\Arquivos de programas\VertrigoServ\www\MaisRevistaHomem\cake\libs\model\datasources\dbo_source.php, line 681]
2011-03-17 16:33:13 Warning: Warning (2): Invalid argument supplied for foreach() in [C:\Arquivos de programas\VertrigoServ\www\MaisRevistaHomem\app\views\pages\home.ctp, line 61]
2011-03-18 08:54:06 Warning: Warning (512): <span style="color:Red;text-align:left"><b>SQL Error:</b> 2013: Lost connection to MySQL server during query</span> in [C:\Arquivos de programas\VertrigoServ\www\MaisRevistaHomem\cake\libs\model\datasources\dbo_source.php, line 681]
2011-03-18 08:55:57 Warning: Warning (2): mysql_connect() [<a href='http://php.net/function.mysql-connect'>function.mysql-connect</a>]: Unknown MySQL server host 'mysql05.editorcriacao.com.br' (11004) in [C:\Arquivos de programas\VertrigoServ\www\MaisRevistaHomem\cake\libs\model\datasources\dbo\dbo_mysql.php, line 552]
2011-03-18 08:55:57 Warning: Warning (2): mysql_select_db(): supplied argument is not a valid MySQL-Link resource in [C:\Arquivos de programas\VertrigoServ\www\MaisRevistaHomem\cake\libs\model\datasources\dbo\dbo_mysql.php, line 558]
2011-03-18 08:55:57 Warning: Warning (2): mysql_query(): supplied argument is not a valid MySQL-Link resource in [C:\Arquivos de programas\VertrigoServ\www\MaisRevistaHomem\cake\libs\model\datasources\dbo\dbo_mysql.php, line 600]
2011-03-18 08:55:57 Warning: Warning (2): mysql_get_server_info(): supplied argument is not a valid MySQL-Link resource in [C:\Arquivos de programas\VertrigoServ\www\MaisRevistaHomem\cake\libs\model\datasources\dbo\dbo_mysql.php, line 566]
2011-03-18 08:55:58 Warning: Warning (2): mysql_errno(): supplied argument is not a valid MySQL-Link resource in [C:\Arquivos de programas\VertrigoServ\www\MaisRevistaHomem\cake\libs\model\datasources\dbo\dbo_mysql.php, line 682]
2011-03-18 08:55:58 Warning: Warning (2): Invalid argument supplied for foreach() in [C:\Arquivos de programas\VertrigoServ\www\MaisRevistaHomem\app\views\pages\home.ctp, line 37]
2011-03-18 08:55:58 Warning: Warning (2): Invalid argument supplied for foreach() in [C:\Arquivos de programas\VertrigoServ\www\MaisRevistaHomem\app\views\pages\home.ctp, line 61]
2011-03-18 10:55:52 Warning: Warning (2): mysql_connect() [<a href='http://php.net/function.mysql-connect'>function.mysql-connect</a>]: Can't connect to MySQL server on 'mysql05.editorcriacao.com.br' (10060) in [C:\Arquivos de programas\VertrigoServ\www\MaisRevistaHomem\cake\libs\model\datasources\dbo\dbo_mysql.php, line 552]
2011-03-18 10:55:52 Warning: Warning (2): mysql_select_db(): supplied argument is not a valid MySQL-Link resource in [C:\Arquivos de programas\VertrigoServ\www\MaisRevistaHomem\cake\libs\model\datasources\dbo\dbo_mysql.php, line 558]
2011-03-18 10:55:52 Warning: Warning (2): mysql_query(): supplied argument is not a valid MySQL-Link resource in [C:\Arquivos de programas\VertrigoServ\www\MaisRevistaHomem\cake\libs\model\datasources\dbo\dbo_mysql.php, line 600]
2011-03-18 10:55:52 Warning: Warning (2): mysql_get_server_info(): supplied argument is not a valid MySQL-Link resource in [C:\Arquivos de programas\VertrigoServ\www\MaisRevistaHomem\cake\libs\model\datasources\dbo\dbo_mysql.php, line 566]
2011-03-18 10:56:13 Warning: Warning (2): mysql_connect() [<a href='http://php.net/function.mysql-connect'>function.mysql-connect</a>]: Can't connect to MySQL server on 'mysql05.editorcriacao.com.br' (10060) in [C:\Arquivos de programas\VertrigoServ\www\MaisRevistaHomem\cake\libs\model\datasources\dbo\dbo_mysql.php, line 552]
2011-03-18 10:56:13 Warning: Warning (2): mysql_select_db(): supplied argument is not a valid MySQL-Link resource in [C:\Arquivos de programas\VertrigoServ\www\MaisRevistaHomem\cake\libs\model\datasources\dbo\dbo_mysql.php, line 558]
2011-03-18 10:56:14 Warning: Warning (2): mysql_query(): supplied argument is not a valid MySQL-Link resource in [C:\Arquivos de programas\VertrigoServ\www\MaisRevistaHomem\cake\libs\model\datasources\dbo\dbo_mysql.php, line 600]
2011-03-18 10:56:14 Warning: Warning (2): mysql_get_server_info(): supplied argument is not a valid MySQL-Link resource in [C:\Arquivos de programas\VertrigoServ\www\MaisRevistaHomem\cake\libs\model\datasources\dbo\dbo_mysql.php, line 566]
2011-03-18 10:56:35 Warning: Warning (2): mysql_connect() [<a href='http://php.net/function.mysql-connect'>function.mysql-connect</a>]: Can't connect to MySQL server on 'mysql05.editorcriacao.com.br' (10060) in [C:\Arquivos de programas\VertrigoServ\www\MaisRevistaHomem\cake\libs\model\datasources\dbo\dbo_mysql.php, line 552]
2011-03-18 10:56:35 Warning: Warning (2): mysql_select_db(): supplied argument is not a valid MySQL-Link resource in [C:\Arquivos de programas\VertrigoServ\www\MaisRevistaHomem\cake\libs\model\datasources\dbo\dbo_mysql.php, line 558]
2011-03-18 10:56:35 Warning: Warning (2): mysql_query(): supplied argument is not a valid MySQL-Link resource in [C:\Arquivos de programas\VertrigoServ\www\MaisRevistaHomem\cake\libs\model\datasources\dbo\dbo_mysql.php, line 600]
2011-03-18 10:56:35 Warning: Warning (2): mysql_get_server_info(): supplied argument is not a valid MySQL-Link resource in [C:\Arquivos de programas\VertrigoServ\www\MaisRevistaHomem\cake\libs\model\datasources\dbo\dbo_mysql.php, line 566]
